<?xml version="1.0" encoding="UTF-8"?>
<!-- Generated by org.testng.reporters.JUnitReportReporter -->
<testsuite hostname="DESKTOP-4ILC6H1" failures="0" tests="1" name="com.herokuapp.internet.ExceptionsTests" time="8.675" errors="0" timestamp="2023-06-19T14:03:10 PST" skipped="0">
  <testcase classname="com.herokuapp.internet.ExceptionsTests" name="timeoutExceptionTest" time="8.675"/>
</testsuite> <!-- com.herokuapp.internet.ExceptionsTests -->
