<?xml version="1.0" encoding="UTF-8"?>
<!-- Generated by org.testng.reporters.JUnitReportReporter -->
<testsuite hostname="DESKTOP-4ILC6H1" failures="0" tests="2" name="DemoTestNG.ConfigurationAnnotations_1_DatePickers" time="0.002" errors="0" timestamp="2023-07-11T15:00:07 PST" skipped="0">
  <testcase classname="DemoTestNG.ConfigurationAnnotations_1_DatePickers" name="test1_BootstrapDatePicker" time="0.001"/>
  <testcase classname="DemoTestNG.ConfigurationAnnotations_1_DatePickers" name="test2_JQueryDatePicker" time="0.001"/>
</testsuite> <!-- DemoTestNG.ConfigurationAnnotations_1_DatePickers -->
