<?xml version="1.0" encoding="UTF-8"?>
<!-- Generated by org.testng.reporters.JUnitReportReporter -->
<testsuite hostname="DESKTOP-4ILC6H1" failures="0" tests="1" name="poker.pokernowclub" time="18.021" errors="0" timestamp="2023-06-18T22:57:54 PST" skipped="0">
  <testcase classname="poker.pokernowclub" name="main" time="18.021"/>
</testsuite> <!-- poker.pokernowclub -->
