<?xml version="1.0" encoding="UTF-8"?>
<!-- Generated by org.testng.reporters.JUnitReportReporter -->
<testsuite hostname="DESKTOP-4ILC6H1" failures="0" tests="1" name="com.herokuapp.internet.PositiveTests" time="13.178" errors="0" timestamp="2023-06-10T15:58:29 PST" skipped="0">
  <testcase classname="com.herokuapp.internet.PositiveTests" name="loginTest" time="13.178"/>
</testsuite> <!-- com.herokuapp.internet.PositiveTests -->
