<?xml version="1.0" encoding="UTF-8"?>
<!-- Generated by org.testng.reporters.JUnitReportReporter -->
<testsuite hostname="DESKTOP-4ILC6H1" failures="0" tests="3" name="com.herokuapp.internet.LoginTests" time="23.714" errors="0" timestamp="2023-06-19T14:05:12 PST" skipped="0">
  <testcase classname="com.herokuapp.internet.LoginTests" name="positiveLoginTest" time="12.933"/>
  <testcase classname="com.herokuapp.internet.LoginTests" name="negativeLoginTest" time="5.503"/>
  <testcase classname="com.herokuapp.internet.LoginTests" name="negativeLoginTest" time="5.278"/>
</testsuite> <!-- com.herokuapp.internet.LoginTests -->
