<?xml version="1.0" encoding="UTF-8"?>
<!-- Generated by org.testng.reporters.JUnitReportReporter -->
<testsuite hostname="DESKTOP-4ILC6H1" failures="0" tests="1" name="com.herokuapp.internet.CheckBoxTest" time="4.931" errors="0" timestamp="2023-07-10T15:46:20 PST" skipped="0">
  <testcase classname="com.herokuapp.internet.CheckBoxTest" name="verifyCheckBoxFunction" time="4.931"/>
</testsuite> <!-- com.herokuapp.internet.CheckBoxTest -->
