<?xml version="1.0" encoding="UTF-8"?>
<!-- Generated by org.testng.reporters.JUnitReportReporter -->
<testsuite hostname="DESKTOP-4ILC6H1" failures="0" tests="2" name="com.herokuapp.internet.NegativeTests" time="17.937" errors="0" timestamp="2023-06-11T12:23:25 PST" skipped="0">
  <testcase classname="com.herokuapp.internet.NegativeTests" name="negativeLoginTest" time="9.351"/>
  <testcase classname="com.herokuapp.internet.NegativeTests" name="negativeLoginTest" time="8.586"/>
</testsuite> <!-- com.herokuapp.internet.NegativeTests -->
