<?xml version="1.0" encoding="UTF-8"?>
<!-- Generated by org.testng.reporters.JUnitReportReporter -->
<testsuite hostname="DESKTOP-4ILC6H1" failures="0" tests="1" name="com.secured.tfxi.CoinSettlement" time="4.210" errors="0" timestamp="2023-07-11T15:03:54 PST" skipped="0">
  <testcase classname="com.secured.tfxi.CoinSettlement" name="automatedCoinSettlement" time="4.210"/>
</testsuite> <!-- com.secured.tfxi.CoinSettlement -->
