<?xml version="1.0" encoding="UTF-8"?>
<!-- Generated by org.testng.reporters.JUnitReportReporter -->
<testsuite hostname="DESKTOP-4ILC6H1" failures="0" tests="2" name="DemoTestNG.FirstAutomatedTest" time="3.051" errors="0" timestamp="2023-06-20T00:40:48 PST" skipped="0">
  <testcase classname="DemoTestNG.FirstAutomatedTest" name="testTableSortAndSearch" time="2.676"/>
  <testcase classname="DemoTestNG.FirstAutomatedTest" name="testBootstrapDatePicker" time="0.375"/>
</testsuite> <!-- DemoTestNG.FirstAutomatedTest -->
